#
# There is insufficient memory for the Java Runtime Environment to continue.
# Native memory allocation (mmap) failed to map 134217728 bytes for G1 virtual space
# Possible reasons:
#   The system is out of physical RAM or swap space
#   The process is running with CompressedOops enabled, and the Java Heap may be blocking the growth of the native heap
# Possible solutions:
#   Reduce memory load on the system
#   Increase physical memory or swap space
#   Check if swap backing store is full
#   Decrease Java heap size (-Xmx/-Xms)
#   Decrease number of Java threads
#   Decrease Java thread stack sizes (-Xss)
#   Set larger code cache with -XX:ReservedCodeCacheSize=
#   JVM is running with Unscaled Compressed Oops mode in which the Java heap is
#     placed in the first 4GB address space. The Java Heap base address is the
#     maximum limit for the native heap growth. Please use -XX:HeapBaseMinAddress
#     to set the Java Heap base and to place the Java Heap above 4GB virtual address.
# This output file may be truncated or incomplete.
#
#  Out of Memory Error (os_windows.cpp:3825), pid=13924, tid=1160
#
# JRE version:  (17.0.10+8) (build )
# Java VM: OpenJDK 64-Bit Server VM (17.0.10+8-b1207.12, mixed mode, sharing, tiered, compressed oops, compressed class ptrs, g1 gc, windows-amd64)
# No core dump will be written. Minidumps are not enabled by default on client versions of Windows
#

---------------  S U M M A R Y ------------

Command Line: git4idea.http.GitAskPassApp Username for 'https://github.com': 

Host: Intel(R) Core(TM) i5-7200U CPU @ 2.50GHz, 4 cores, 7G,  Windows 10 , 64 bit Build 19041 (10.0.19041.5072)
Time: Fri Dec 20 13:18:06 2024 RTZ 4 (s 10 , 64 bit Build 19041 (10.0.19041.5072) elapsed time: 0.018057 seconds (0d 0h 0m 0s)

---------------  T H R E A D  ---------------

Current thread (0x00000241ccfa1a20):  JavaThread "Unknown thread" [_thread_in_vm, id=1160, stack(0x000000df89f00000,0x000000df8a000000)]

Stack: [0x000000df89f00000,0x000000df8a000000]
Native frames: (J=compiled Java code, j=interpreted, Vv=VM code, C=native code)
V  [jvm.dll+0x687989]
V  [jvm.dll+0x84116a]
V  [jvm.dll+0x842dae]
V  [jvm.dll+0x843413]
V  [jvm.dll+0x249ccf]
V  [jvm.dll+0x684759]
V  [jvm.dll+0x67900a]
V  [jvm.dll+0x30ab0b]
V  [jvm.dll+0x311fb6]
V  [jvm.dll+0x361d5e]
V  [jvm.dll+0x361f8f]
V  [jvm.dll+0x2e07f8]
V  [jvm.dll+0x2e1764]
V  [jvm.dll+0x811c31]
V  [jvm.dll+0x36fc11]
V  [jvm.dll+0x7f0666]
V  [jvm.dll+0x3f3daf]
V  [jvm.dll+0x3f5a41]
C  [jli.dll+0x528f]
C  [ucrtbase.dll+0x21bb2]
C  [KERNEL32.DLL+0x17374]
C  [ntdll.dll+0x4cc91]


---------------  P R O C E S S  ---------------

Threads class SMR info:
_java_thread_list=0x00007ffa4ef4df58, length=0, elements={
}

Java Threads: ( => current thread )

Other Threads:
  0x00000241ccff9d90 GCTaskThread "GC Thread#0" [stack: 0x000000df8a000000,0x000000df8a100000] [id=11224]
  0x00000241cd00a920 ConcurrentGCThread "G1 Main Marker" [stack: 0x000000df8a100000,0x000000df8a200000] [id=3152]
  0x00000241cd00b340 ConcurrentGCThread "G1 Conc#0" [stack: 0x000000df8a200000,0x000000df8a300000] [id=11896]

[error occurred during error reporting (printing all threads), id 0xc0000005, EXCEPTION_ACCESS_VIOLATION (0xc0000005) at pc=0x00007ffa4e7013c7]

VM state: not at safepoint (not fully initialized)

VM Mutex/Monitor currently owned by a thread:  ([mutex/lock_event])
[0x00000241ccf9e290] Heap_lock - owner thread: 0x00000241ccfa1a20

Heap address: 0x0000000081e00000, size: 2018 MB, Compressed Oops mode: 32-bit

CDS archive(s) mapped at: [0x0000000000000000-0x0000000000000000-0x0000000000000000), size 0, SharedBaseAddress: 0x0000000800000000, ArchiveRelocationMode: 1.
Narrow klass base: 0x0000000000000000, Narrow klass shift: 0, Narrow klass range: 0x0

GC Precious Log:
<Empty>

Heap:
 garbage-first heap   total 0K, used 0K [0x0000000081e00000, 0x0000000100000000)
  region size 1024K, 0 young (0K), 0 survivors (0K)
 Metaspace       used 0K, committed 0K, reserved 0K
  class space    used 0K, committed 0K, reserved 0K

Heap Regions: E=young(eden), S=young(survivor), O=old, HS=humongous(starts), HC=humongous(continues), CS=collection set, F=free, OA=open archive, CA=closed archive, TAMS=top-at-mark-start (previous, next)

Card table byte_map: [0x00000241dfb20000,0x00000241dff20000] _byte_map_base: 0x00000241df711000

Marking Bits (Prev, Next): (CMBitMap*) 0x00000241ccffa3b0, (CMBitMap*) 0x00000241ccffa3f0
 Prev Bits: [0x00000241e0320000, 0x00000241e22a8000)
 Next Bits: [0x00000241e22b0000, 0x00000241e4238000)

GC Heap History (0 events):
No events

Dll operation events (1 events):
Event: 0.008 Loaded shared library C:\Program Files\JetBrains\IntelliJ IDEA 2023.3.6\jbr\bin\java.dll

Deoptimization events (0 events):
No events

Classes unloaded (0 events):
No events

Classes redefined (0 events):
No events

Internal exceptions (0 events):
No events

VM Operations (0 events):
No events

Events (0 events):
No events


Dynamic libraries:
0x00007ff764690000 - 0x00007ff76469a000 	C:\Program Files\JetBrains\IntelliJ IDEA 2023.3.6\jbr\bin\java.exe
0x00007ffa98930000 - 0x00007ffa98b28000 	C:\WINDOWS\SYSTEM32\ntdll.dll
0x00007ffa973b0000 - 0x00007ffa97472000 	C:\WINDOWS\System32\KERNEL32.DLL
0x00007ffa964c0000 - 0x00007ffa967be000 	C:\WINDOWS\System32\KERNELBASE.dll
0x00007ffa963c0000 - 0x00007ffa964c0000 	C:\WINDOWS\System32\ucrtbase.dll
0x00007ffa8d020000 - 0x00007ffa8d037000 	C:\Program Files\JetBrains\IntelliJ IDEA 2023.3.6\jbr\bin\jli.dll
0x00007ffa76b30000 - 0x00007ffa76b4b000 	C:\Program Files\JetBrains\IntelliJ IDEA 2023.3.6\jbr\bin\VCRUNTIME140.dll
0x00007ffa96f80000 - 0x00007ffa9711d000 	C:\WINDOWS\System32\USER32.dll
0x00007ffa96810000 - 0x00007ffa96832000 	C:\WINDOWS\System32\win32u.dll
0x00007ffa94c50000 - 0x00007ffa94eea000 	C:\WINDOWS\WinSxS\amd64_microsoft.windows.common-controls_6595b64144ccf1df_6.0.19041.4355_none_60b8b9eb71f62e16\COMCTL32.dll
0x00007ffa97630000 - 0x00007ffa9765b000 	C:\WINDOWS\System32\GDI32.dll
0x00007ffa97480000 - 0x00007ffa9751e000 	C:\WINDOWS\System32\msvcrt.dll
0x00007ffa96200000 - 0x00007ffa96317000 	C:\WINDOWS\System32\gdi32full.dll
0x00007ffa96320000 - 0x00007ffa963bd000 	C:\WINDOWS\System32\msvcp_win.dll
0x00007ffa969e0000 - 0x00007ffa96a0f000 	C:\WINDOWS\System32\IMM32.DLL
0x00007ffa8c8a0000 - 0x00007ffa8c8ac000 	C:\Program Files\JetBrains\IntelliJ IDEA 2023.3.6\jbr\bin\vcruntime140_1.dll
0x00007ffa64990000 - 0x00007ffa64a1d000 	C:\Program Files\JetBrains\IntelliJ IDEA 2023.3.6\jbr\bin\msvcp140.dll
0x00007ffa4e410000 - 0x00007ffa4f092000 	C:\Program Files\JetBrains\IntelliJ IDEA 2023.3.6\jbr\bin\server\jvm.dll
0x00007ffa96920000 - 0x00007ffa969d1000 	C:\WINDOWS\System32\ADVAPI32.dll
0x00007ffa97d50000 - 0x00007ffa97def000 	C:\WINDOWS\System32\sechost.dll
0x00007ffa97280000 - 0x00007ffa973a3000 	C:\WINDOWS\System32\RPCRT4.dll
0x00007ffa968f0000 - 0x00007ffa96917000 	C:\WINDOWS\System32\bcrypt.dll
0x00007ffa81740000 - 0x00007ffa81749000 	C:\WINDOWS\SYSTEM32\WSOCK32.dll
0x00007ffa98750000 - 0x00007ffa987bb000 	C:\WINDOWS\System32\WS2_32.dll
0x00007ffa8b510000 - 0x00007ffa8b51a000 	C:\WINDOWS\SYSTEM32\VERSION.dll
0x00007ffa954e0000 - 0x00007ffa9552b000 	C:\WINDOWS\SYSTEM32\POWRPROF.dll
0x00007ffa94470000 - 0x00007ffa94497000 	C:\WINDOWS\SYSTEM32\WINMM.dll
0x00007ffa953a0000 - 0x00007ffa953b2000 	C:\WINDOWS\SYSTEM32\UMPDC.dll
0x00007ffa93d70000 - 0x00007ffa93d82000 	C:\WINDOWS\SYSTEM32\kernel.appcore.dll
0x00007ffa8f330000 - 0x00007ffa8f33a000 	C:\Program Files\JetBrains\IntelliJ IDEA 2023.3.6\jbr\bin\jimage.dll
0x00007ffa90890000 - 0x00007ffa90a74000 	C:\WINDOWS\SYSTEM32\DBGHELP.DLL
0x00007ffa814c0000 - 0x00007ffa814f4000 	C:\WINDOWS\SYSTEM32\dbgcore.DLL
0x00007ffa96170000 - 0x00007ffa961f2000 	C:\WINDOWS\System32\bcryptPrimitives.dll
0x00007ffa8d8b0000 - 0x00007ffa8d8d5000 	C:\Program Files\JetBrains\IntelliJ IDEA 2023.3.6\jbr\bin\java.dll

dbghelp: loaded successfully - version: 4.0.5 - missing functions: none
symbol engine: initialized successfully - sym options: 0x614 - pdb path: .;C:\Program Files\JetBrains\IntelliJ IDEA 2023.3.6\jbr\bin;C:\WINDOWS\SYSTEM32;C:\WINDOWS\WinSxS\amd64_microsoft.windows.common-controls_6595b64144ccf1df_6.0.19041.4355_none_60b8b9eb71f62e16;C:\Program Files\JetBrains\IntelliJ IDEA 2023.3.6\jbr\bin\server

VM Arguments:
java_command: git4idea.http.GitAskPassApp Username for 'https://github.com': 
java_class_path (initial): C:/Program Files/JetBrains/IntelliJ IDEA 2023.3.6/plugins/vcs-git/lib/git4idea-rt.jar;C:/Program Files/JetBrains/IntelliJ IDEA 2023.3.6/lib/externalProcess-rt.jar
Launcher Type: SUN_STANDARD

[Global flags]
     intx CICompilerCount                          = 3                                         {product} {ergonomic}
     uint ConcGCThreads                            = 1                                         {product} {ergonomic}
     uint G1ConcRefinementThreads                  = 4                                         {product} {ergonomic}
   size_t G1HeapRegionSize                         = 1048576                                   {product} {ergonomic}
    uintx GCDrainStackTargetSize                   = 64                                        {product} {ergonomic}
   size_t InitialHeapSize                          = 134217728                                 {product} {ergonomic}
   size_t MarkStackSize                            = 4194304                                   {product} {ergonomic}
   size_t MaxHeapSize                              = 2116026368                                {product} {ergonomic}
   size_t MinHeapDeltaBytes                        = 1048576                                   {product} {ergonomic}
   size_t MinHeapSize                              = 8388608                                   {product} {ergonomic}
    uintx NonNMethodCodeHeapSize                   = 5832780                                {pd product} {ergonomic}
    uintx NonProfiledCodeHeapSize                  = 122912730                              {pd product} {ergonomic}
    uintx ProfiledCodeHeapSize                     = 122912730                              {pd product} {ergonomic}
    uintx ReservedCodeCacheSize                    = 251658240                              {pd product} {ergonomic}
     bool SegmentedCodeCache                       = true                                      {product} {ergonomic}
   size_t SoftMaxHeapSize                          = 2116026368                             {manageable} {ergonomic}
     bool UseCompressedClassPointers               = true                           {product lp64_product} {ergonomic}
     bool UseCompressedOops                        = true                           {product lp64_product} {ergonomic}
     bool UseG1GC                                  = true                                      {product} {ergonomic}
     bool UseLargePagesIndividualAllocation        = false                                  {pd product} {ergonomic}

Logging:
Log output configuration:
 #0: stdout all=warning uptime,level,tags
 #1: stderr all=off uptime,level,tags

Environment Variables:
JAVA_HOME=C:\Java\JDK-17
PATH=C:\Program Files\Git\mingw64\libexec\git-core;C:\Program Files\Git\mingw64\libexec\git-core;C:\Program Files\Git\mingw64\bin;C:\Program Files\Git\usr\bin;C:\Users\Azamat\bin;C:\WINDOWS\system32;C:\WINDOWS;C:\WINDOWS\System32\Wbem;C:\WINDOWS\System32\WindowsPowerShell\v1.0;C:\WINDOWS\System32\OpenSSH;C:\Program Files\wget;C:\Program Files (x86)\Windows Live\Shared;C:\Program Files\wget;C:\Program Files (x86)\dotnet;C:\Java\JDK-17\bin;C:\Program Files\apache-maven-3.9.6\bin;C:\Program Files\Git\cmd;C:\Program Files\MySQL\MySQL Shell 8.0\bin;C:\Users\Azamat\AppData\Local\Microsoft\WindowsApps;C:\Users\Azamat\AppData\Local\GitHubDesktop\bin;C:\Program Files\JetBrains\IntelliJ IDEA Community Edition 2023.3.2\bin;C:\Program Files\Git\;C:\Program Files\apache-maven-3.9.6\bin;C:\Program Files\JetBrains\IntelliJ IDEA 2023.3.6\bin
USERNAME=Azamat
DISPLAY=:0.0
LC_ALL=en_US.UTF-8
TERM=xterm-256color
TMPDIR=C:\Users\Azamat\AppData\Local\Temp
OS=Windows_NT
PROCESSOR_IDENTIFIER=Intel64 Family 6 Model 142 Stepping 9, GenuineIntel
TMP=C:\Users\Azamat\AppData\Local\Temp
TEMP=C:\Users\Azamat\AppData\Local\Temp



Periodic native trim disabled

JNI global refs:
JNI global refs: 0, weak refs: 0

JNI global refs memory usage: 0, weak refs: 0

OOME stack traces (most recent first):
Classloader memory used:


---------------  S Y S T E M  ---------------

OS:
 Windows 10 , 64 bit Build 19041 (10.0.19041.5072)
OS uptime: 0 days 1:41 hours

CPU: total 4 (initial active 4) (2 cores per cpu, 2 threads per core) family 6 model 142 stepping 9 microcode 0xb4, cx8, cmov, fxsr, ht, mmx, 3dnowpref, sse, sse2, sse3, ssse3, sse4.1, sse4.2, popcnt, lzcnt, tsc, tscinvbit, avx, avx2, aes, erms, clmul, bmi1, bmi2, adx, fma, vzeroupper, clflush, clflushopt
Processor Information for all 4 processors :
  Max Mhz: 2712, Current Mhz: 2511, Mhz Limit: 2495

Memory: 4k page, system-wide physical 8067M (789M free)
TotalPageFile size 10067M (AvailPageFile size 5M)
current process WorkingSet (physical memory assigned to process): 10M, peak: 10M
current process commit charge ("private bytes"): 52M, peak: 179M

vm_info: OpenJDK 64-Bit Server VM (17.0.10+8-b1207.12) for windows-amd64 JRE (17.0.10+8-b1207.12), built on 2024-03-15 by "builduser" with MS VC++ 16.10 / 16.11 (VS2019)

END.
